#
# There is insufficient memory for the Java Runtime Environment to continue.
# Native memory allocation (mmap) failed to map 257949696 bytes. Error detail: G1 virtual space
# Possible reasons:
#   The system is out of physical RAM or swap space
#   This process is running with CompressedOops enabled, and the Java Heap may be blocking the growth of the native heap
# Possible solutions:
#   Reduce memory load on the system
#   Increase physical memory or swap space
#   Check if swap backing store is full
#   Decrease Java heap size (-Xmx/-Xms)
#   Decrease number of Java threads
#   Decrease Java thread stack sizes (-Xss)
#   Set larger code cache with -XX:ReservedCodeCacheSize=
#   JVM is running with Zero Based Compressed Oops mode in which the Java heap is
#     placed in the first 32GB address space. The Java Heap base address is the
#     maximum limit for the native heap growth. Please use -XX:HeapBaseMinAddress
#     to set the Java Heap base and to place the Java Heap above 32GB virtual address.
# This output file may be truncated or incomplete.
#
#  Out of Memory Error (os_windows.cpp:3825), pid=32652, tid=17936
#
# JRE version:  (17.0.11) (build )
# Java VM: OpenJDK 64-Bit Server VM (17.0.11+0--11852314, mixed mode, sharing, tiered, compressed oops, compressed class ptrs, g1 gc, windows-amd64)
# No core dump will be written. Minidumps are not enabled by default on client versions of Windows
#

---------------  S U M M A R Y ------------

Command Line: git4idea.http.GitAskPassApp Username for 'https://github.com': 

Host: AMD Ryzen 7 4700U with Radeon Graphics         , 8 cores, 15G,  Windows 11 , 64 bit Build 22621 (10.0.22621.3672)
Time: Sat Jul 20 23:10:08 2024 Paris, Madrid (heure duild 22621 (10.0.22621.3672) elapsed time: 0.012794 seconds (0d 0h 0m 0s)

---------------  T H R E A D  ---------------

Current thread (0x000001e598184e50):  JavaThread "Unknown thread" [_thread_in_vm, id=17936, stack(0x000000d123a00000,0x000000d123b00000)]

Stack: [0x000000d123a00000,0x000000d123b00000]
Native frames: (J=compiled Java code, j=interpreted, Vv=VM code, C=native code)
V  [jvm.dll+0x687bb9]
V  [jvm.dll+0x84142a]
V  [jvm.dll+0x8430ae]
V  [jvm.dll+0x843713]
V  [jvm.dll+0x24a35f]
V  [jvm.dll+0x684989]
V  [jvm.dll+0x67923a]
V  [jvm.dll+0x30af0b]
V  [jvm.dll+0x3123b6]
V  [jvm.dll+0x361dfe]
V  [jvm.dll+0x36202f]
V  [jvm.dll+0x2e0d38]
V  [jvm.dll+0x2e1ca4]
V  [jvm.dll+0x811f21]
V  [jvm.dll+0x36fb68]
V  [jvm.dll+0x7f0896]
V  [jvm.dll+0x3f3d2f]
V  [jvm.dll+0x3f58e1]
C  [jli.dll+0x528f]
C  [ucrtbase.dll+0x29333]
C  [KERNEL32.DLL+0x1257d]
C  [ntdll.dll+0x5af28]


---------------  P R O C E S S  ---------------

Threads class SMR info:
_java_thread_list=0x00007ffb6ba6efd8, length=0, elements={
}

Java Threads: ( => current thread )

Other Threads:
  0x000001e5981eda70 GCTaskThread "GC Thread#0" [stack: 0x000000d123b00000,0x000000d123c00000] [id=9908]
  0x000001e5981ffed0 ConcurrentGCThread "G1 Main Marker" [stack: 0x000000d123c00000,0x000000d123d00000] [id=20176]
  0x000001e5982008c0 ConcurrentGCThread "G1 Conc#0" [stack: 0x000000d123d00000,0x000000d123e00000] [id=1184]

[error occurred during error reporting (printing all threads), id 0xc0000005, EXCEPTION_ACCESS_VIOLATION (0xc0000005) at pc=0x00007ffb6b221907]

VM state: not at safepoint (not fully initialized)

VM Mutex/Monitor currently owned by a thread:  ([mutex/lock_event])
[0x000001e598180e50] Heap_lock - owner thread: 0x000001e598184e50

Heap address: 0x000000070a000000, size: 3936 MB, Compressed Oops mode: Zero based, Oop shift amount: 3

CDS archive(s) mapped at: [0x0000000000000000-0x0000000000000000-0x0000000000000000), size 0, SharedBaseAddress: 0x0000000800000000, ArchiveRelocationMode: 1.
Narrow klass base: 0x0000000000000000, Narrow klass shift: 0, Narrow klass range: 0x0

GC Precious Log:
<Empty>

Heap:
 garbage-first heap   total 0K, used 0K [0x000000070a000000, 0x0000000800000000)
  region size 2048K, 0 young (0K), 0 survivors (0K)
 Metaspace       used 0K, committed 0K, reserved 0K
  class space    used 0K, committed 0K, reserved 0K

Heap Regions: E=young(eden), S=young(survivor), O=old, HS=humongous(starts), HC=humongous(continues), CS=collection set, F=free, OA=open archive, CA=closed archive, TAMS=top-at-mark-start (previous, next)

Card table byte_map: [0x000001e5ab130000,0x000001e5ab8e0000] _byte_map_base: 0x000001e5a78e0000

Marking Bits (Prev, Next): (CMBitMap*) 0x000001e5981effa0, (CMBitMap*) 0x000001e5981effe0
 Prev Bits: [0x000001e5ac090000, 0x000001e5afe10000)
 Next Bits: [0x000001e5afe10000, 0x000001e5b3b90000)

GC Heap History (0 events):
No events

Dll operation events (1 events):
Event: 0.008 Loaded shared library C:\Program Files\Android\Android Studio1\jbr\bin\java.dll

Deoptimization events (0 events):
No events

Classes unloaded (0 events):
No events

Classes redefined (0 events):
No events

Internal exceptions (0 events):
No events

VM Operations (0 events):
No events

Events (0 events):
No events


Dynamic libraries:
0x00007ff729960000 - 0x00007ff72996a000 	C:\Program Files\Android\Android Studio1\jbr\bin\java.exe
0x00007ffbd3650000 - 0x00007ffbd3867000 	C:\WINDOWS\SYSTEM32\ntdll.dll
0x00007ffb96ae0000 - 0x00007ffb96afa000 	C:\Program Files\Avast Software\Avast\aswhook.dll
0x00007ffbd1630000 - 0x00007ffbd16f4000 	C:\WINDOWS\System32\KERNEL32.DLL
0x00007ffbd0980000 - 0x00007ffbd0d2d000 	C:\WINDOWS\System32\KERNELBASE.dll
0x00007ffbd0e80000 - 0x00007ffbd0f91000 	C:\WINDOWS\System32\ucrtbase.dll
0x00007ffb70690000 - 0x00007ffb706a7000 	C:\Program Files\Android\Android Studio1\jbr\bin\jli.dll
0x00007ffb2f5f0000 - 0x00007ffb2f60b000 	C:\Program Files\Android\Android Studio1\jbr\bin\VCRUNTIME140.dll
0x00007ffbd1d50000 - 0x00007ffbd1efe000 	C:\WINDOWS\System32\USER32.dll
0x00007ffbd0d30000 - 0x00007ffbd0d56000 	C:\WINDOWS\System32\win32u.dll
0x00007ffbb83e0000 - 0x00007ffbb8673000 	C:\WINDOWS\WinSxS\amd64_microsoft.windows.common-controls_6595b64144ccf1df_6.0.22621.3672_none_2713b9d173822955\COMCTL32.dll
0x00007ffbd2790000 - 0x00007ffbd27b9000 	C:\WINDOWS\System32\GDI32.dll
0x00007ffbd2950000 - 0x00007ffbd29f7000 	C:\WINDOWS\System32\msvcrt.dll
0x00007ffbd0d60000 - 0x00007ffbd0e79000 	C:\WINDOWS\System32\gdi32full.dll
0x00007ffbd1060000 - 0x00007ffbd10fa000 	C:\WINDOWS\System32\msvcp_win.dll
0x00007ffbd1ff0000 - 0x00007ffbd2021000 	C:\WINDOWS\System32\IMM32.DLL
0x00007ffba6300000 - 0x00007ffba630c000 	C:\Program Files\Android\Android Studio1\jbr\bin\vcruntime140_1.dll
0x00007ffb2f560000 - 0x00007ffb2f5ed000 	C:\Program Files\Android\Android Studio1\jbr\bin\msvcp140.dll
0x00007ffb6af30000 - 0x00007ffb6bbb3000 	C:\Program Files\Android\Android Studio1\jbr\bin\server\jvm.dll
0x00007ffbd2cf0000 - 0x00007ffbd2da2000 	C:\WINDOWS\System32\ADVAPI32.dll
0x00007ffbd2820000 - 0x00007ffbd28c9000 	C:\WINDOWS\System32\sechost.dll
0x00007ffbd12e0000 - 0x00007ffbd1308000 	C:\WINDOWS\System32\bcrypt.dll
0x00007ffbd2670000 - 0x00007ffbd2784000 	C:\WINDOWS\System32\RPCRT4.dll
0x00007ffbd02e0000 - 0x00007ffbd032d000 	C:\WINDOWS\SYSTEM32\POWRPROF.dll
0x00007ffbb3da0000 - 0x00007ffbb3da9000 	C:\WINDOWS\SYSTEM32\WSOCK32.dll
0x00007ffbc8d50000 - 0x00007ffbc8d84000 	C:\WINDOWS\SYSTEM32\WINMM.dll
0x00007ffbd2c70000 - 0x00007ffbd2ce1000 	C:\WINDOWS\System32\WS2_32.dll
0x00007ffbc5e90000 - 0x00007ffbc5e9a000 	C:\WINDOWS\SYSTEM32\VERSION.dll
0x00007ffbd0250000 - 0x00007ffbd0263000 	C:\WINDOWS\SYSTEM32\UMPDC.dll
0x00007ffbcf9b0000 - 0x00007ffbcf9c8000 	C:\WINDOWS\SYSTEM32\kernel.appcore.dll
0x00007ffbb6f30000 - 0x00007ffbb6f3a000 	C:\Program Files\Android\Android Studio1\jbr\bin\jimage.dll
0x00007ffbc24d0000 - 0x00007ffbc2702000 	C:\WINDOWS\SYSTEM32\DBGHELP.DLL
0x00007ffbd22e0000 - 0x00007ffbd2668000 	C:\WINDOWS\System32\combase.dll
0x00007ffbd1f10000 - 0x00007ffbd1fe7000 	C:\WINDOWS\System32\OLEAUT32.dll
0x00007ffbbedd0000 - 0x00007ffbbee02000 	C:\WINDOWS\SYSTEM32\dbgcore.DLL
0x00007ffbd1310000 - 0x00007ffbd138b000 	C:\WINDOWS\System32\bcryptPrimitives.dll
0x00007ffb6f860000 - 0x00007ffb6f885000 	C:\Program Files\Android\Android Studio1\jbr\bin\java.dll

dbghelp: loaded successfully - version: 4.0.5 - missing functions: none
symbol engine: initialized successfully - sym options: 0x614 - pdb path: .;C:\Program Files\Android\Android Studio1\jbr\bin;C:\WINDOWS\SYSTEM32;C:\Program Files\Avast Software\Avast;C:\WINDOWS\WinSxS\amd64_microsoft.windows.common-controls_6595b64144ccf1df_6.0.22621.3672_none_2713b9d173822955;C:\Program Files\Android\Android Studio1\jbr\bin\server

VM Arguments:
java_command: git4idea.http.GitAskPassApp Username for 'https://github.com': 
java_class_path (initial): C:/Program Files/Android/Android Studio1/plugins/vcs-git/lib/git4idea-rt.jar;C:/Program Files/Android/Android Studio1/lib/externalProcess-rt.jar
Launcher Type: SUN_STANDARD

[Global flags]
     intx CICompilerCount                          = 4                                         {product} {ergonomic}
     uint ConcGCThreads                            = 2                                         {product} {ergonomic}
     uint G1ConcRefinementThreads                  = 8                                         {product} {ergonomic}
   size_t G1HeapRegionSize                         = 2097152                                   {product} {ergonomic}
    uintx GCDrainStackTargetSize                   = 64                                        {product} {ergonomic}
   size_t InitialHeapSize                          = 257949696                                 {product} {ergonomic}
   size_t MarkStackSize                            = 4194304                                   {product} {ergonomic}
   size_t MaxHeapSize                              = 4127195136                                {product} {ergonomic}
   size_t MinHeapDeltaBytes                        = 2097152                                   {product} {ergonomic}
   size_t MinHeapSize                              = 8388608                                   {product} {ergonomic}
    uintx NonNMethodCodeHeapSize                   = 5839372                                {pd product} {ergonomic}
    uintx NonProfiledCodeHeapSize                  = 122909434                              {pd product} {ergonomic}
    uintx ProfiledCodeHeapSize                     = 122909434                              {pd product} {ergonomic}
    uintx ReservedCodeCacheSize                    = 251658240                              {pd product} {ergonomic}
     bool SegmentedCodeCache                       = true                                      {product} {ergonomic}
   size_t SoftMaxHeapSize                          = 4127195136                             {manageable} {ergonomic}
     bool UseCompressedClassPointers               = true                           {product lp64_product} {ergonomic}
     bool UseCompressedOops                        = true                           {product lp64_product} {ergonomic}
     bool UseG1GC                                  = true                                      {product} {ergonomic}
     bool UseLargePagesIndividualAllocation        = false                                  {pd product} {ergonomic}

Logging:
Log output configuration:
 #0: stdout all=warning uptime,level,tags
 #1: stderr all=off uptime,level,tags

Environment Variables:
PATH=C:\Program Files\Git\mingw64\libexec\git-core;C:\Program Files\Git\mingw64\libexec\git-core;C:\Program Files\Git\mingw64\bin;C:\Program Files\Git\usr\bin;C:\Users\haris\bin;C:\Program Files (x86)\VMware\VMware Workstation\bin;C:\Program Files\Common Files\Oracle\Java\javapath;C:\Program Files (x86)\Microsoft SDKs\Azure\CLI2\wbin;C:\WINDOWS\system32;C:\WINDOWS;C:\WINDOWS\System32\Wbem;C:\WINDOWS\System32\WindowsPowerShell\v1.0;C:\WINDOWS\System32\OpenSSH;C:\Terraform;C:\Program Files\MySQL\MySQL Server 8.0\bin;C:\Program Files\dotnet;C:\Program Files\Docker\Docker\resources\bin;C:\Program Files\nodejs;C:\flutter\bin;C:\Users\haris\AppData\Local\Android\Sdk\tools\bin;C:\Users\haris\AppData\Local\Android\Sdk\platform-tools;C:\Users\haris\AppData\Local\Android\Sdk\cmdline-tools\latest\bin;C:\Program Files (x86)\Windows Kits\10\Windows Performance Toolkit;C:\Ruby33-x64\bin;C:\Program Files\MySQL\MySQL Shell 8.0\bin;C:\Users\haris\OneDrive\Bureau;C:\Users\haris\AppData\Local\Programs\Microsoft VS Code\bin;C:\Program Files\JetBrains\IntelliJ IDEA 2023.1.1\bin;C:\laragon\bin\php\php-8.1.10-Win32-vs16-x64;C:\Users\haris\Downloads\openjfx-20.0.1_windows-x64_bin-sdk\javafx-sdk-20.0.1\li;C:\Users\haris\AppData\Local\gitkraken\bin;C:\Users\haris\.dotnet\tools;C:\Program Files\Git\cmd;C:\Users\haris\AppData\Roaming\npm;C:\flutter\bin;C:\Users\haris\AppData\Local\Android\Sdk\tools\bin;C:\Users\haris\AppData\Local\Android\Sdk\platform-tools;C:\Users\haris\AppData\Local\Android\Sdk\cmdline-tools\latest\bin;C:\Program Files\JetBrains\IntelliJ IDEA 2024.1.1\bin
USERNAME=haris
DISPLAY=:0.0
LC_ALL=en_US.UTF-8
TERM=xterm-256color
TMPDIR=C:\Users\haris\AppData\Local\Temp
OS=Windows_NT
PROCESSOR_IDENTIFIER=AMD64 Family 23 Model 96 Stepping 1, AuthenticAMD
TMP=C:\Users\haris\AppData\Local\Temp
TEMP=C:\Users\haris\AppData\Local\Temp



Periodic native trim disabled

JNI global refs:
JNI global refs: 0, weak refs: 0

JNI global refs memory usage: 0, weak refs: 0

Process memory usage:
Resident Set Size: 12016K (0% of 16119096K total physical memory with 780224K free physical memory)

OOME stack traces (most recent first):
Classloader memory used:


---------------  S Y S T E M  ---------------

OS:
 Windows 11 , 64 bit Build 22621 (10.0.22621.3672)
OS uptime: 7 days 16:27 hours
Hyper-V role detected

CPU: total 8 (initial active 8) (8 cores per cpu, 1 threads per core) family 23 model 96 stepping 1 microcode 0x0, cx8, cmov, fxsr, mmx, 3dnowpref, sse, sse2, sse3, ssse3, sse4a, sse4.1, sse4.2, popcnt, lzcnt, tsc, tscinvbit, avx, avx2, aes, clmul, bmi1, bmi2, adx, sha, fma, vzeroupper, clflush, clflushopt, hv
Processor Information for all 8 processors :
  Max Mhz: 2000, Current Mhz: 2000, Mhz Limit: 2000

Memory: 4k page, system-wide physical 15741M (761M free)
TotalPageFile size 47061M (AvailPageFile size 196M)
current process WorkingSet (physical memory assigned to process): 11M, peak: 11M
current process commit charge ("private bytes"): 60M, peak: 306M

vm_info: OpenJDK 64-Bit Server VM (17.0.11+0--11852314) for windows-amd64 JRE (17.0.11+0--11852314), built on May 16 2024 21:29:20 by "androidbuild" with MS VC++ 16.10 / 16.11 (VS2019)

END.
